[html.vecurosoft.com/medixi/demo/index-2.html]
[backblue.gif]
[fade.gif]
[index.html]
[html.vecurosoft.com/medixi/demo/assets/img/favicon.ico]
[html.vecurosoft.com/medixi/demo/assets/css/bootstrap.min.css]
[html.vecurosoft.com/medixi/demo/assets/css/fontawesome.min.css]
[html.vecurosoft.com/medixi/demo/assets/css/layerslider.min.css]
[html.vecurosoft.com/medixi/demo/assets/css/jquery.datetimepicker.min.css]
[html.vecurosoft.com/medixi/demo/assets/css/magnific-popup.min.css]
[html.vecurosoft.com/medixi/demo/assets/css/slick.min.css]
[html.vecurosoft.com/medixi/demo/assets/css/animate.min.css]
[html.vecurosoft.com/medixi/demo/assets/css/style.css]
[html.vecurosoft.com/medixi/demo/index.html]
[html.vecurosoft.com/medixi/demo/index-3.html]
[html.vecurosoft.com/medixi/demo/index-4.html]
[html.vecurosoft.com/medixi/demo/index-5.html]
[html.vecurosoft.com/medixi/demo/index-6.html]
[html.vecurosoft.com/medixi/demo/index-7.html]
[html.vecurosoft.com/medixi/demo/index-8.html]
[html.vecurosoft.com/medixi/demo/about.html]
[html.vecurosoft.com/medixi/demo/service.html]
[html.vecurosoft.com/medixi/demo/service-details.html]
[html.vecurosoft.com/medixi/demo/blog.html]
[html.vecurosoft.com/medixi/demo/blog-details.html]
[html.vecurosoft.com/medixi/demo/shop.html]
[html.vecurosoft.com/medixi/demo/shop-details.html]
[html.vecurosoft.com/medixi/demo/cart.html]
[html.vecurosoft.com/medixi/demo/checkout.html]
[html.vecurosoft.com/medixi/demo/team.html]
[html.vecurosoft.com/medixi/demo/team-details.html]
[html.vecurosoft.com/medixi/demo/project.html]
[html.vecurosoft.com/medixi/demo/appointment.html]
[html.vecurosoft.com/medixi/demo/error.html]
[html.vecurosoft.com/medixi/demo/contact.html]
[html.vecurosoft.com/medixi/demo/assets/img/widget/gal-1-1.jpg]
[html.vecurosoft.com/medixi/demo/assets/img/widget/gal-1-2.jpg]
[html.vecurosoft.com/medixi/demo/assets/img/widget/gal-1-3.jpg]
[html.vecurosoft.com/medixi/demo/assets/img/widget/gal-1-4.jpg]
[html.vecurosoft.com/medixi/demo/assets/img/widget/gal-1-5.jpg]
[html.vecurosoft.com/medixi/demo/assets/img/widget/gal-1-6.jpg]
[html.vecurosoft.com/medixi/demo/assets/img/pages/index.jpg]
[html.vecurosoft.com/medixi/demo/assets/img/pages/index-2.jpg]
[html.vecurosoft.com/medixi/demo/assets/img/pages/index-3.jpg]
[html.vecurosoft.com/medixi/demo/assets/img/pages/index-4.jpg]
[html.vecurosoft.com/medixi/demo/assets/img/pages/index-5.jpg]
[html.vecurosoft.com/medixi/demo/assets/img/pages/index-6.jpg]
[html.vecurosoft.com/medixi/demo/assets/img/pages/index-7.jpg]
[html.vecurosoft.com/medixi/demo/assets/img/pages/index-8.jpg]
[html.vecurosoft.com/medixi/demo/assets/img/hero/h-bg-1-1.jpg]
[html.vecurosoft.com/medixi/demo/assets/img/hero/h-bg-1-2.jpg]
[html.vecurosoft.com/medixi/demo/assets/img/hero/h-bg-1-3.jpg]
[html.vecurosoft.com/medixi/demo/assets/img/bg/bg-shape-1.jpg]
[html.vecurosoft.com/medixi/demo/assets/img/about/about-1-1.png]
[html.vecurosoft.com/medixi/demo/assets/img/bg/bg-1.jpg]
[html.vecurosoft.com/medixi/demo/assets/img/bg/bg-shape-2.jpg]
[html.vecurosoft.com/medixi/demo/assets/img/bg/sr-shape.png]
[html.vecurosoft.com/medixi/demo/assets/img/service/sr-1-1.jpg]
[html.vecurosoft.com/medixi/demo/assets/img/service/sr-1-2.jpg]
[html.vecurosoft.com/medixi/demo/assets/img/service/sr-1-3.jpg]
[html.vecurosoft.com/medixi/demo/assets/img/service/sr-1-4.jpg]
[html.vecurosoft.com/medixi/demo/assets/img/about/about-2-1.png]
[html.vecurosoft.com/medixi/demo/assets/img/bg/bg-2.jpg]
[html.vecurosoft.com/medixi/demo/assets/img/team/t-1-1.png]
[html.vecurosoft.com/medixi/demo/assets/img/team/t-1-2.png]
[html.vecurosoft.com/medixi/demo/assets/img/team/t-1-3.png]
[html.vecurosoft.com/medixi/demo/assets/img/team/t-1-4.png]
[html.vecurosoft.com/medixi/demo/assets/img/bg/bg-3.jpg]
[html.vecurosoft.com/medixi/demo/assets/img/author/author-1-1.png]
[html.vecurosoft.com/medixi/demo/assets/img/bg/bg-shape-11.jpg]
[html.vecurosoft.com/medixi/demo/assets/img/bg/bg-shape-3.jpg]
[html.vecurosoft.com/medixi/demo/assets/img/author/author-2-1.jpg]
[html.vecurosoft.com/medixi/demo/assets/img/author/author-2-2.jpg]
[html.vecurosoft.com/medixi/demo/assets/img/author/author-2-3.jpg]
[html.vecurosoft.com/medixi/demo/assets/img/bg/bg-4.png]
[html.vecurosoft.com/medixi/demo/assets/img/blog/b-1-1.jpg]
[html.vecurosoft.com/medixi/demo/assets/img/blog/b-1-2.jpg]
[html.vecurosoft.com/medixi/demo/assets/img/blog/b-1-3.jpg]
[html.vecurosoft.com/medixi/demo/assets/img/blog/b-1-4.jpg]
[html.vecurosoft.com/medixi/demo/assets/img/icon/icon-1.jpg]
[html.vecurosoft.com/medixi/demo/assets/img/icon/icon-2.png]
[html.vecurosoft.com/medixi/demo/assets/img/bg/bg-5.jpg]
[html.vecurosoft.com/medixi/demo/assets/img/bg/bg-shape-4.png]
[html.vecurosoft.com/medixi/demo/assets/js/vendor/jquery-3.6.0.min.js]
[html.vecurosoft.com/medixi/demo/assets/js/slick.min.js]
[html.vecurosoft.com/medixi/demo/assets/js/layerslider.utils.js]
[html.vecurosoft.com/medixi/demo/assets/js/layerslider.transitions.js]
[html.vecurosoft.com/medixi/demo/assets/js/layerslider.kreaturamedia.jquery.js]
[html.vecurosoft.com/medixi/demo/assets/js/bootstrap.min.js]
[html.vecurosoft.com/medixi/demo/assets/js/jquery.datetimepicker.min.js]
[html.vecurosoft.com/medixi/demo/assets/js/jquery.magnific-popup.min.js]
[html.vecurosoft.com/medixi/demo/assets/js/imagesloaded.pkgd.min.js]
[html.vecurosoft.com/medixi/demo/assets/js/isotope.pkgd.min.js]
[html.vecurosoft.com/medixi/demo/assets/js/universal-parallax.min.js]
[html.vecurosoft.com/medixi/demo/assets/js/wow.min.js]
[html.vecurosoft.com/medixi/demo/assets/js/vscustom-carousel.min.js]
[html.vecurosoft.com/medixi/demo/assets/js/ajax-mail.js]
[html.vecurosoft.com/medixi/demo/assets/js/main.js]
[html.vecurosoft.com/medixi/demo/index-2.html]
[html.vecurosoft.com/medixi/demo/assets/css/bootstrap.min.css]
[html.vecurosoft.com/medixi/demo/assets/fonts/fa-brands-400.eot]
[html.vecurosoft.com/medixi/demo/assets/fonts/fa-brands-400d41d.eot]
[html.vecurosoft.com/medixi/demo/assets/fonts/fa-brands-400.woff2]
[html.vecurosoft.com/medixi/demo/assets/fonts/fa-brands-400.woff]
[html.vecurosoft.com/medixi/demo/assets/fonts/fa-brands-400.ttf]
[html.vecurosoft.com/medixi/demo/assets/fonts/fa-duotone-900.eot]
[html.vecurosoft.com/medixi/demo/assets/fonts/fa-duotone-900d41d.eot]
[html.vecurosoft.com/medixi/demo/assets/fonts/fa-duotone-900.woff2]
[html.vecurosoft.com/medixi/demo/assets/fonts/fa-duotone-900.woff]
[html.vecurosoft.com/medixi/demo/assets/fonts/fa-duotone-900.ttf]
[html.vecurosoft.com/medixi/demo/assets/fonts/fa-light-300.eot]
[html.vecurosoft.com/medixi/demo/assets/fonts/fa-light-300d41d.eot]
[html.vecurosoft.com/medixi/demo/assets/fonts/fa-light-300.woff2]
[html.vecurosoft.com/medixi/demo/assets/fonts/fa-light-300.woff]
[html.vecurosoft.com/medixi/demo/assets/fonts/fa-light-300.ttf]
[html.vecurosoft.com/medixi/demo/assets/fonts/fa-regular-400.eot]
[html.vecurosoft.com/medixi/demo/assets/fonts/fa-regular-400d41d.eot]
[html.vecurosoft.com/medixi/demo/assets/fonts/fa-regular-400.woff2]
[html.vecurosoft.com/medixi/demo/assets/fonts/fa-regular-400.woff]
[html.vecurosoft.com/medixi/demo/assets/fonts/fa-regular-400.ttf]
[html.vecurosoft.com/medixi/demo/assets/fonts/fa-solid-900.eot]
[html.vecurosoft.com/medixi/demo/assets/fonts/fa-solid-900d41d.eot]
[html.vecurosoft.com/medixi/demo/assets/fonts/fa-solid-900.woff2]
[html.vecurosoft.com/medixi/demo/assets/fonts/fa-solid-900.woff]
[html.vecurosoft.com/medixi/demo/assets/fonts/fa-solid-900.ttf]
[html.vecurosoft.com/medixi/demo/assets/css/fontawesome.min.css]
[html.vecurosoft.com/medixi/demo/assets/css/layerslider.min.css]
[html.vecurosoft.com/medixi/demo/assets/css/jquery.datetimepicker.min.css]
[html.vecurosoft.com/medixi/demo/assets/css/magnific-popup.min.css]
[html.vecurosoft.com/medixi/demo/assets/css/slick.min.css]
[html.vecurosoft.com/medixi/demo/assets/css/animate.min.css]
[html.vecurosoft.com/medixi/demo/assets/fonts/Flaticon.eot]
[html.vecurosoft.com/medixi/demo/assets/fonts/Flaticond41d.eot]
[html.vecurosoft.com/medixi/demo/assets/fonts/Flaticon.woff2]
[html.vecurosoft.com/medixi/demo/assets/fonts/Flaticon.woff]
[html.vecurosoft.com/medixi/demo/assets/fonts/Flaticon.ttf]
[html.vecurosoft.com/medixi/demo/assets/img/testimonial/pattern3-1.png]
[html.vecurosoft.com/medixi/demo/assets/img/service/service2-4.png]
[html.vecurosoft.com/medixi/demo/assets/img/bg/dottes-bg.png]
[html.vecurosoft.com/medixi/demo/assets/img/clr-icon.png]
[html.vecurosoft.com/medixi/demo/assets/img/black-icon.png]
[html.vecurosoft.com/medixi/demo/assets/img/bg/pattern3-2.png]
[html.vecurosoft.com/medixi/demo/assets/img/testimonial/dots2-1.png]
[html.vecurosoft.com/medixi/demo/assets/img/testimonial/bg-shape-img.jpg]
[html.vecurosoft.com/medixi/demo/assets/css/style.css]
[html.vecurosoft.com/medixi/demo/assets/img/hero/h-bg-3-1.jpg]
[html.vecurosoft.com/medixi/demo/assets/img/hero/h-bg-3-2.jpg]
[html.vecurosoft.com/medixi/demo/assets/img/hero/h-bg-3-3.jpg]
[html.vecurosoft.com/medixi/demo/assets/img/service/sr-2-1.jpg]
[html.vecurosoft.com/medixi/demo/assets/img/service/sr-2-2.jpg]
[html.vecurosoft.com/medixi/demo/assets/img/service/sr-2-3.jpg]
[html.vecurosoft.com/medixi/demo/assets/img/service/sr-2-4.jpg]
[html.vecurosoft.com/medixi/demo/assets/img/bg/bg-7.jpg]
[html.vecurosoft.com/medixi/demo/assets/img/about/about-4-1.jpg]
[html.vecurosoft.com/medixi/demo/assets/img/bg/bg-shape-7.jpg]
[html.vecurosoft.com/medixi/demo/assets/img/project/pro-1-1.jpg]
[html.vecurosoft.com/medixi/demo/assets/img/project/pro-1-2.jpg]
[html.vecurosoft.com/medixi/demo/assets/img/project/pro-1-3.jpg]
[html.vecurosoft.com/medixi/demo/assets/img/project/pro-1-4.jpg]
[html.vecurosoft.com/medixi/demo/assets/img/bg/bg-shape-8.jpg]
[html.vecurosoft.com/medixi/demo/assets/img/icons/icon-1-1.png]
[html.vecurosoft.com/medixi/demo/assets/img/icon/icon-1-1-001.png]
[html.vecurosoft.com/medixi/demo/index.html]
[html.vecurosoft.com/medixi/demo/assets/img/logo-mobile.svg]
[html.vecurosoft.com/medixi/demo/assets/img/hero/h-bg-2-1.jpg]
[html.vecurosoft.com/medixi/demo/assets/img/hero/h-bg-2-2.jpg]
[html.vecurosoft.com/medixi/demo/assets/img/hero/h-bg-2-3.jpg]
[html.vecurosoft.com/medixi/demo/assets/img/icons/icon-1-3.png]
[html.vecurosoft.com/medixi/demo/assets/img/about/about-3-1.jpg]
[html.vecurosoft.com/medixi/demo/assets/img/bg/bg-6.jpg]
[html.vecurosoft.com/medixi/demo/assets/img/about/ab-tab-1-1.jpg]
[html.vecurosoft.com/medixi/demo/assets/img/about/ab-tab-1-2.jpg]
[html.vecurosoft.com/medixi/demo/assets/img/icons/icon-1-4.png]
[html.vecurosoft.com/medixi/demo/assets/img/icons/icon-1-2.png]
[html.vecurosoft.com/medixi/demo/assets/img/bg/bg-shape-5.jpg]
[html.vecurosoft.com/medixi/demo/assets/img/team/t-2-1.jpg]
[html.vecurosoft.com/medixi/demo/assets/img/team/t-2-2.jpg]
[html.vecurosoft.com/medixi/demo/assets/img/team/t-2-3.jpg]
[html.vecurosoft.com/medixi/demo/assets/img/team/t-2-4.jpg]
[html.vecurosoft.com/medixi/demo/assets/img/team/t-2-5.jpg]
[html.vecurosoft.com/medixi/demo/assets/img/team/t-2-6.jpg]
[html.vecurosoft.com/medixi/demo/assets/img/bg/bg-shape-6.jpg]
[html.vecurosoft.com/medixi/demo/assets/img/bg/testimonial-shape-1.png]
[html.vecurosoft.com/medixi/demo/assets/img/author/author-3-1.jpg]
[html.vecurosoft.com/medixi/demo/assets/img/author/author-3-2.jpg]
[html.vecurosoft.com/medixi/demo/assets/img/author/author-3-3.jpg]
[html.vecurosoft.com/medixi/demo/assets/img/bg/quote-icon.png]
[html.vecurosoft.com/medixi/demo/index-3.html]
[html.vecurosoft.com/medixi/demo/assets/img/hero/hero-bg-4-2.png]
[html.vecurosoft.com/medixi/demo/assets/img/hero/hero-4-1.png]
[html.vecurosoft.com/medixi/demo/assets/img/hero/hero-4-2.png]
[html.vecurosoft.com/medixi/demo/assets/img/hero/hero-4-3.png]
[html.vecurosoft.com/medixi/demo/assets/img/icon/sec-icon-754.png]
[html.vecurosoft.com/medixi/demo/assets/img/bg/fe-icon-bg-2-1.png]
[html.vecurosoft.com/medixi/demo/assets/img/icon/fe-icon-2-1.png]
[html.vecurosoft.com/medixi/demo/assets/img/icon/fe-icon-2-2.png]
[html.vecurosoft.com/medixi/demo/assets/img/icon/fe-icon-2-3.png]
[html.vecurosoft.com/medixi/demo/assets/img/icon/fe-icon-2-4.png]
[html.vecurosoft.com/medixi/demo/assets/img/about/about-6-1.png]
[html.vecurosoft.com/medixi/demo/assets/img/bg/sr-bg-5-1.jpg]
[html.vecurosoft.com/medixi/demo/assets/img/icon/sr-5-1.png]
[html.vecurosoft.com/medixi/demo/assets/img/icon/sr-5-2.png]
[html.vecurosoft.com/medixi/demo/assets/img/icon/sr-5-3.png]
[html.vecurosoft.com/medixi/demo/assets/img/icon/sr-5-4.png]
[html.vecurosoft.com/medixi/demo/assets/img/icon/sr-5-5.png]
[html.vecurosoft.com/medixi/demo/assets/img/icon/sr-5-6.png]
[html.vecurosoft.com/medixi/demo/assets/img/medicals/medi-1-1.jpg]
[html.vecurosoft.com/medixi/demo/assets/img/medicals/medi-1-2.jpg]
[html.vecurosoft.com/medixi/demo/assets/img/medicals/medi-1-3.jpg]
[html.vecurosoft.com/medixi/demo/assets/img/medicals/medi-1-4.jpg]
[html.vecurosoft.com/medixi/demo/assets/img/medicals/medi-1-5.jpg]
[html.vecurosoft.com/medixi/demo/assets/img/medicals/medi-1-6.jpg]
[html.vecurosoft.com/medixi/demo/assets/img/about/video-1-1.jpg]
[html.vecurosoft.com/medixi/demo/assets/img/brand/brand-3-1.png]
[html.vecurosoft.com/medixi/demo/assets/img/brand/brand-3-2.png]
[html.vecurosoft.com/medixi/demo/assets/img/brand/brand-3-3.png]
[html.vecurosoft.com/medixi/demo/assets/img/brand/brand-3-4.png]
[html.vecurosoft.com/medixi/demo/assets/img/brand/brand-3-5.png]
[html.vecurosoft.com/medixi/demo/assets/img/team/team-5-1.png]
[html.vecurosoft.com/medixi/demo/assets/img/team/team-5-2.png]
[html.vecurosoft.com/medixi/demo/assets/img/team/team-5-3.png]
[html.vecurosoft.com/medixi/demo/assets/img/team/team-5-4.png]
[html.vecurosoft.com/medixi/demo/assets/img/event/ev-1-2.jpg]
[html.vecurosoft.com/medixi/demo/assets/img/event/ev-1-1.jpg]
[html.vecurosoft.com/medixi/demo/assets/img/testimonial/ava-1-1.jpg]
[html.vecurosoft.com/medixi/demo/assets/img/testimonial/ava-1-2.jpg]
[html.vecurosoft.com/medixi/demo/assets/img/testimonial/ava-1-3.jpg]
[html.vecurosoft.com/medixi/demo/assets/img/testimonial/ava-1-4.jpg]
[html.vecurosoft.com/medixi/demo/assets/img/testimonial/ava-1-5.jpg]
[html.vecurosoft.com/medixi/demo/assets/img/icon/quote-testi.png]
[html.vecurosoft.com/medixi/demo/assets/img/blog/blog-5-1.jpg]
[html.vecurosoft.com/medixi/demo/assets/img/blog/auth-5-1.jpg]
[html.vecurosoft.com/medixi/demo/assets/img/blog/blog-5-2.jpg]
[html.vecurosoft.com/medixi/demo/assets/img/blog/auth-5-2.jpg]
[html.vecurosoft.com/medixi/demo/assets/img/blog/blog-5-3.jpg]
[html.vecurosoft.com/medixi/demo/assets/img/blog/auth-5-3.jpg]
[html.vecurosoft.com/medixi/demo/assets/img/blog/blog-5-4.jpg]
[html.vecurosoft.com/medixi/demo/assets/img/blog/auth-5-4.jpg]
[html.vecurosoft.com/medixi/demo/assets/img/bg/footer-bg-2-1.jpg]
[html.vecurosoft.com/medixi/demo/index-4.html]
[html.vecurosoft.com/medixi/demo/assets/img/hero/hero-bg-5-1.jpg]
[html.vecurosoft.com/medixi/demo/assets/img/hero/hero-5-1.png]
[html.vecurosoft.com/medixi/demo/assets/img/hero/hero-bg-5-2.jpg]
[html.vecurosoft.com/medixi/demo/assets/img/hero/hero-5-2.png]
[html.vecurosoft.com/medixi/demo/assets/img/hero/hero-bg-5-3.jpg]
[html.vecurosoft.com/medixi/demo/assets/img/hero/hero-5-3.png]
[html.vecurosoft.com/medixi/demo/assets/img/bg/ab-7-1.jpg]
[html.vecurosoft.com/medixi/demo/assets/img/icon/fe-3-1.png]
[html.vecurosoft.com/medixi/demo/assets/img/icon/fe-3-2.png]
[html.vecurosoft.com/medixi/demo/assets/img/icon/fe-3-3.png]
[html.vecurosoft.com/medixi/demo/assets/img/icon/fe-3-4.png]
[html.vecurosoft.com/medixi/demo/assets/img/icon/fe-3-5.png]
[html.vecurosoft.com/medixi/demo/assets/img/about/ab-7-1.jpg]
[html.vecurosoft.com/medixi/demo/assets/img/about/ab-7-2.jpg]
[html.vecurosoft.com/medixi/demo/assets/img/icon/ambulance-1-1.png]
[html.vecurosoft.com/medixi/demo/assets/img/service/service-6-1.jpg]
[html.vecurosoft.com/medixi/demo/assets/img/service/service-6-2.jpg]
[html.vecurosoft.com/medixi/demo/assets/img/service/service-6-3.jpg]
[html.vecurosoft.com/medixi/demo/assets/img/service/service-6-4.jpg]
[html.vecurosoft.com/medixi/demo/assets/img/service/service-6-5.jpg]
[html.vecurosoft.com/medixi/demo/assets/img/service/service-6-6.jpg]
[html.vecurosoft.com/medixi/demo/assets/img/icon/call-1.png]
[html.vecurosoft.com/medixi/demo/assets/img/about/ab-tab-2-1.jpg]
[html.vecurosoft.com/medixi/demo/assets/img/about/ab-tab-2-3.jpg]
[html.vecurosoft.com/medixi/demo/assets/img/about/ab-tab-2-2.jpg]
[html.vecurosoft.com/medixi/demo/assets/img/about/ab-tab-2-4.jpg]
[html.vecurosoft.com/medixi/demo/assets/img/bg/cta-bg-1-1.jpg]
[html.vecurosoft.com/medixi/demo/assets/img/team/team-group-cta-1-1.png]
[html.vecurosoft.com/medixi/demo/assets/img/bg/booking-bg-1-3.jpg]
[html.vecurosoft.com/medixi/demo/assets/img/icon/bf-1-1.png]
[html.vecurosoft.com/medixi/demo/assets/img/bg/booking-bg-1-2.png]
[html.vecurosoft.com/medixi/demo/assets/img/icon/fac-1-1.png]
[html.vecurosoft.com/medixi/demo/assets/img/icon/fac-1-2.png]
[html.vecurosoft.com/medixi/demo/assets/img/icon/fac-1-3.png]
[html.vecurosoft.com/medixi/demo/assets/img/icon/fac-1-4.png]
[html.vecurosoft.com/medixi/demo/assets/img/icon/fac-1-5.png]
[html.vecurosoft.com/medixi/demo/assets/img/icon/fac-1-6.png]
[html.vecurosoft.com/medixi/demo/assets/img/blog/b-6-1.jpg]
[html.vecurosoft.com/medixi/demo/assets/img/blog/b-6-2.jpg]
[html.vecurosoft.com/medixi/demo/assets/img/blog/b-6-3.jpg]
[html.vecurosoft.com/medixi/demo/assets/img/blog/b-6-4.jpg]
[html.vecurosoft.com/medixi/demo/assets/img/bg/testi-bg-5-1.jpg]
[html.vecurosoft.com/medixi/demo/assets/img/icon/quote-testi-2.png]
[html.vecurosoft.com/medixi/demo/assets/img/brand/brand-4-1.png]
[html.vecurosoft.com/medixi/demo/assets/img/brand/brand-4-2.png]
[html.vecurosoft.com/medixi/demo/assets/img/brand/brand-4-3.png]
[html.vecurosoft.com/medixi/demo/assets/img/brand/brand-4-4.png]
[html.vecurosoft.com/medixi/demo/assets/img/brand/brand-4-5.png]
[html.vecurosoft.com/medixi/demo/assets/img/bg/footer-bg-3-1.jpg]
[html.vecurosoft.com/medixi/demo/assets/img/icon/f-info-3-1.png]
[html.vecurosoft.com/medixi/demo/assets/img/icon/f-info-3-2.png]
[html.vecurosoft.com/medixi/demo/index-5.html]
[html.vecurosoft.com/medixi/demo/assets/img/bg/banner6-1.jpg]
[html.vecurosoft.com/medixi/demo/assets/img/bg/about-bg-6-1.jpg]
[html.vecurosoft.com/medixi/demo/assets/img/about/about6-1.jpg]
[html.vecurosoft.com/medixi/demo/assets/img/about/about6-2.jpg]
[html.vecurosoft.com/medixi/demo/assets/img/bg/team2-1.jpg]
[html.vecurosoft.com/medixi/demo/assets/img/team/team2-1.jpg]
[html.vecurosoft.com/medixi/demo/assets/img/team/team2-2.jpg]
[html.vecurosoft.com/medixi/demo/assets/img/team/team2-3.jpg]
[html.vecurosoft.com/medixi/demo/assets/img/team/team2-4.jpg]
[html.vecurosoft.com/medixi/demo/assets/img/testimonial/teesti2-1.jpg]
[html.vecurosoft.com/medixi/demo/assets/img/testimonial/teesti2-2.jpg]
[html.vecurosoft.com/medixi/demo/assets/img/event/ac2-1.png]
[html.vecurosoft.com/medixi/demo/assets/img/blog/b-2-1.jpg]
[html.vecurosoft.com/medixi/demo/assets/img/blog/b-2-2.jpg]
[html.vecurosoft.com/medixi/demo/assets/img/blog/b-2-3.jpg]
[html.vecurosoft.com/medixi/demo/assets/img/bg/footer-bg-6-1.jpg]
[html.vecurosoft.com/medixi/demo/assets/js/slick-animation.min.js]
[html.vecurosoft.com/medixi/demo/index-6.html]
[html.vecurosoft.com/medixi/demo/assets/img/bg/banner7-1.jpg]
[html.vecurosoft.com/medixi/demo/assets/img/brand/banner7-4.png]
[html.vecurosoft.com/medixi/demo/assets/img/about/about7-3.png]
[html.vecurosoft.com/medixi/demo/assets/img/service/service-7-1.jpg]
[html.vecurosoft.com/medixi/demo/assets/img/service/service-7-2.jpg]
[html.vecurosoft.com/medixi/demo/assets/img/service/service-7-3.jpg]
[html.vecurosoft.com/medixi/demo/assets/img/brand/brand-5-1.png]
[html.vecurosoft.com/medixi/demo/assets/img/brand/brand-5-2.png]
[html.vecurosoft.com/medixi/demo/assets/img/brand/brand-5-3.png]
[html.vecurosoft.com/medixi/demo/assets/img/brand/brand-5-4.png]
[html.vecurosoft.com/medixi/demo/assets/img/brand/brand-5-5.png]
[html.vecurosoft.com/medixi/demo/assets/img/bg/specialist1-1.jpg]
[html.vecurosoft.com/medixi/demo/assets/img/blog/specialist1-1.jpg]
[html.vecurosoft.com/medixi/demo/assets/img/blog/specialist1-2.jpg]
[html.vecurosoft.com/medixi/demo/assets/img/blog/specialist1-3.jpg]
[html.vecurosoft.com/medixi/demo/assets/img/blog/specialist1-4.jpg]
[html.vecurosoft.com/medixi/demo/assets/img/testimonial/testi7-1.png]
[html.vecurosoft.com/medixi/demo/assets/img/testimonial/testi-plus7-1.png]
[html.vecurosoft.com/medixi/demo/assets/img/testimonial/testi7-2.png]
[html.vecurosoft.com/medixi/demo/assets/img/bg/why-choose1-1.jpg]
[html.vecurosoft.com/medixi/demo/assets/img/testimonial/choose7-1.png]
[html.vecurosoft.com/medixi/demo/assets/img/bg/letter1-1.jpg]
[html.vecurosoft.com/medixi/demo/assets/img/widget/letter1-1.png]
[html.vecurosoft.com/medixi/demo/assets/img/team/team2-2.png]
[html.vecurosoft.com/medixi/demo/assets/img/team/team2-3.png]
[html.vecurosoft.com/medixi/demo/assets/img/team/team2-4.png]
[html.vecurosoft.com/medixi/demo/assets/img/team/team2-5.png]
[html.vecurosoft.com/medixi/demo/assets/img/blog/b-7-1.jpg]
[html.vecurosoft.com/medixi/demo/assets/img/blog/b-7-2.jpg]
[html.vecurosoft.com/medixi/demo/assets/img/blog/b-7-3.jpg]
[html.vecurosoft.com/medixi/demo/assets/img/bg/footer-bg-7-1.jpg]
[html.vecurosoft.com/medixi/demo/index-7.html]
[html.vecurosoft.com/medixi/demo/assets/img/hero/h-bg-8-1.jpg]
[html.vecurosoft.com/medixi/demo/assets/img/hero/h8-1.jpg]
[html.vecurosoft.com/medixi/demo/assets/img/service/ser8-1.jpg]
[html.vecurosoft.com/medixi/demo/assets/img/service/ser8-2.jpg]
[html.vecurosoft.com/medixi/demo/assets/img/service/ser8-3.jpg]
[html.vecurosoft.com/medixi/demo/assets/img/service/ser8-4.jpg]
[html.vecurosoft.com/medixi/demo/assets/img/service/ser8-5.jpg]
[html.vecurosoft.com/medixi/demo/assets/img/service/ser8-6.jpg]
[html.vecurosoft.com/medixi/demo/assets/img/about/ab-8-1.png]
[html.vecurosoft.com/medixi/demo/assets/img/about/skill1-1.jpg]
[html.vecurosoft.com/medixi/demo/assets/img/about/shape1-1.png]
[html.vecurosoft.com/medixi/demo/assets/img/brand/brand-6-1.png]
[html.vecurosoft.com/medixi/demo/assets/img/brand/brand-6-2.png]
[html.vecurosoft.com/medixi/demo/assets/img/brand/brand-6-3.png]
[html.vecurosoft.com/medixi/demo/assets/img/brand/brand-6-5.png]
[html.vecurosoft.com/medixi/demo/assets/img/brand/brand-6-4.png]
[html.vecurosoft.com/medixi/demo/assets/img/bg/ser-bg9-1.jpg]
[html.vecurosoft.com/medixi/demo/assets/img/service/ser9-1.png]
[html.vecurosoft.com/medixi/demo/assets/img/service/ser9-2.jpg]
[html.vecurosoft.com/medixi/demo/assets/img/service/ser9-3.jpg]
[html.vecurosoft.com/medixi/demo/assets/img/service/ser9-4.jpg]
[html.vecurosoft.com/medixi/demo/assets/img/service/ser9-5.jpg]
[html.vecurosoft.com/medixi/demo/assets/img/service/ser9-6.jpg]
[html.vecurosoft.com/medixi/demo/assets/img/team/team8-1.jpg]
[html.vecurosoft.com/medixi/demo/assets/img/team/team8-2.jpg]
[html.vecurosoft.com/medixi/demo/assets/img/team/team8-3.jpg]
[html.vecurosoft.com/medixi/demo/assets/img/team/team8-4.jpg]
[html.vecurosoft.com/medixi/demo/assets/img/bg/review-bg.jpg]
[html.vecurosoft.com/medixi/demo/assets/img/medicals/map.png]
[html.vecurosoft.com/medixi/demo/assets/img/medicals/location1-1.png]
[html.vecurosoft.com/medixi/demo/assets/img/medicals/location1-2.png]
[html.vecurosoft.com/medixi/demo/assets/img/medicals/location1-3.png]
[html.vecurosoft.com/medixi/demo/assets/img/blog/b-8-1.jpg]
[html.vecurosoft.com/medixi/demo/assets/img/blog/b-8-2.jpg]
[html.vecurosoft.com/medixi/demo/assets/img/blog/b-8-3.jpg]
[html.vecurosoft.com/medixi/demo/assets/img/bg/blog-bg2-1.jpg]
[html.vecurosoft.com/medixi/demo/assets/img/bg/footer-bg-8-1.jpg]
[html.vecurosoft.com/medixi/demo/assets/img/widget/footer8-1.jpg]
[html.vecurosoft.com/medixi/demo/assets/img/widget/footer8-2.jpg]
[html.vecurosoft.com/medixi/demo/index-8.html]
[html.vecurosoft.com/medixi/demo/assets/img/breadcurmb/breadcurmb-1-1.jpg]
[html.vecurosoft.com/medixi/demo/assets/img/bg/bg-8.jpg]
[html.vecurosoft.com/medixi/demo/about.html]
[html.vecurosoft.com/medixi/demo/assets/img/service/sr-3-1.jpg]
[html.vecurosoft.com/medixi/demo/assets/img/service/sr-3-2.jpg]
[html.vecurosoft.com/medixi/demo/assets/img/service/sr-3-3.jpg]
[html.vecurosoft.com/medixi/demo/assets/img/service/sr-3-4.jpg]
[html.vecurosoft.com/medixi/demo/assets/img/service/sr-3-5.jpg]
[html.vecurosoft.com/medixi/demo/assets/img/service/sr-3-6.jpg]
[html.vecurosoft.com/medixi/demo/assets/img/bg/bg-shape-10.jpg]
[html.vecurosoft.com/medixi/demo/assets/img/about/video-img.jpg]
[html.vecurosoft.com/medixi/demo/service.html]
[html.vecurosoft.com/medixi/demo/assets/img/service/sr-d-1.jpg]
[html.vecurosoft.com/medixi/demo/assets/img/service/sr-d-2.jpg]
[html.vecurosoft.com/medixi/demo/assets/img/service/sr-d-3.jpg]
[html.vecurosoft.com/medixi/demo/assets/img/service/sr-d-4.jpg]
[html.vecurosoft.com/medixi/demo/service-details.html]
[html.vecurosoft.com/medixi/demo/assets/img/blog/blog-s-1-1.jpg]
[html.vecurosoft.com/medixi/demo/assets/img/blog/blog-s-1-2.jpg]
[html.vecurosoft.com/medixi/demo/assets/img/blog/blog-s-1-3.jpg]
[html.vecurosoft.com/medixi/demo/assets/img/blog/blog-s-1-4.jpg]
[html.vecurosoft.com/medixi/demo/assets/img/widget/thumb-1-1.jpg]
[html.vecurosoft.com/medixi/demo/assets/img/widget/thumb-1-2.jpg]
[html.vecurosoft.com/medixi/demo/assets/img/widget/thumb-1-3.jpg]
[html.vecurosoft.com/medixi/demo/blog.html]
[html.vecurosoft.com/medixi/demo/assets/img/blog/blog-s-1-5.jpg]
[html.vecurosoft.com/medixi/demo/assets/img/blog/blog-author.png]
[html.vecurosoft.com/medixi/demo/assets/img/blog/comment-author-1.jpg]
[html.vecurosoft.com/medixi/demo/assets/img/blog/comment-author-2.jpg]
[html.vecurosoft.com/medixi/demo/assets/img/blog/comment-author-3.jpg]
[html.vecurosoft.com/medixi/demo/blog-details.html]
[html.vecurosoft.com/medixi/demo/assets/img/product/p-1-1.jpg]
[html.vecurosoft.com/medixi/demo/assets/img/product/p-1-2.jpg]
[html.vecurosoft.com/medixi/demo/assets/img/product/p-1-3.jpg]
[html.vecurosoft.com/medixi/demo/assets/img/product/p-1-4.jpg]
[html.vecurosoft.com/medixi/demo/assets/img/product/p-1-5.jpg]
[html.vecurosoft.com/medixi/demo/assets/img/product/p-1-6.jpg]
[html.vecurosoft.com/medixi/demo/assets/img/product/p-1-7.jpg]
[html.vecurosoft.com/medixi/demo/assets/img/product/p-1-8.jpg]
[html.vecurosoft.com/medixi/demo/assets/img/product/p-1-9.jpg]
[html.vecurosoft.com/medixi/demo/assets/img/product/p-1-10.jpg]
[html.vecurosoft.com/medixi/demo/assets/img/product/p-1-11.jpg]
[html.vecurosoft.com/medixi/demo/assets/img/product/p-1-12.jpg]
[html.vecurosoft.com/medixi/demo/shop.html]
[html.vecurosoft.com/medixi/demo/assets/img/product/p-d-1-1.jpg]
[html.vecurosoft.com/medixi/demo/assets/img/product/p-d-thumb-1-1.jpg]
[html.vecurosoft.com/medixi/demo/assets/img/product/p-d-thumb-1-2.jpg]
[html.vecurosoft.com/medixi/demo/assets/img/product/p-d-thumb-1-3.jpg]
[html.vecurosoft.com/medixi/demo/assets/img/product/p-d-thumb-1-4.jpg]
[html.vecurosoft.com/medixi/demo/assets/img/product/p-d-thumb-1-5.jpg]
[html.vecurosoft.com/medixi/demo/assets/img/product/p-d-1-2.jpg]
[html.vecurosoft.com/medixi/demo/assets/img/product/p-d-1-3.jpg]
[html.vecurosoft.com/medixi/demo/shop-details.html]
[html.vecurosoft.com/medixi/demo/assets/img/product/cart-1.jpg]
[html.vecurosoft.com/medixi/demo/assets/img/product/cart-2.jpg]
[html.vecurosoft.com/medixi/demo/assets/img/product/cart-3.jpg]
[html.vecurosoft.com/medixi/demo/cart.html]
[html.vecurosoft.com/medixi/demo/assets/img/cart/all.jpg]
[html.vecurosoft.com/medixi/demo/assets/img/cart/paypal.jpg]
[html.vecurosoft.com/medixi/demo/checkout.html]
[html.vecurosoft.com/medixi/demo/assets/img/team/t-1-5.png]
[html.vecurosoft.com/medixi/demo/assets/img/team/t-1-6.png]
[html.vecurosoft.com/medixi/demo/team.html]
[html.vecurosoft.com/medixi/demo/assets/img/team/t-d-1.jpg]
[html.vecurosoft.com/medixi/demo/assets/img/bg/member-shape.png]
[html.vecurosoft.com/medixi/demo/assets/img/bg/bg-shape-9.jpg]
[html.vecurosoft.com/medixi/demo/team-details.html]
[html.vecurosoft.com/medixi/demo/assets/img/project/pro-1-5.jpg]
[html.vecurosoft.com/medixi/demo/assets/img/project/pro-1-6.jpg]
[html.vecurosoft.com/medixi/demo/assets/img/project/pro-1-7.jpg]
[html.vecurosoft.com/medixi/demo/assets/img/project/pro-1-8.jpg]
[html.vecurosoft.com/medixi/demo/assets/img/project/pro-1-9.jpg]
[html.vecurosoft.com/medixi/demo/project.html]
[html.vecurosoft.com/medixi/demo/appointment.html]
[html.vecurosoft.com/medixi/demo/assets/img/bg/error.png]
[html.vecurosoft.com/medixi/demo/error.html]
[html.vecurosoft.com/medixi/demo/contact.html]
[html.vecurosoft.com/medixi/demo/assets/img/logo.svg]
[html.vecurosoft.com/medixi/demo/assets/img/brand/brand-1-1.svg]
[html.vecurosoft.com/medixi/demo/assets/img/brand/brand-1-2.svg]
[html.vecurosoft.com/medixi/demo/assets/img/brand/brand-1-3.svg]
[html.vecurosoft.com/medixi/demo/assets/img/brand/brand-1-4.svg]
[html.vecurosoft.com/medixi/demo/assets/img/brand/brand-1-5.svg]
[html.vecurosoft.com/medixi/demo/assets/img/brand/brand-1-6.svg]
[html.vecurosoft.com/medixi/demo/assets/fonts/fa-brands-400.svg]
[html.vecurosoft.com/medixi/demo/assets/fonts/fa-duotone-900.svg]
[html.vecurosoft.com/medixi/demo/assets/fonts/fa-light-300.svg]
[html.vecurosoft.com/medixi/demo/assets/fonts/fa-regular-400.svg]
[html.vecurosoft.com/medixi/demo/assets/fonts/fa-solid-900.svg]
[html.vecurosoft.com/medixi/demo/assets/img/about/plus.svg]
[html.vecurosoft.com/medixi/demo/assets/fonts/Flaticon.svg]
[html.vecurosoft.com/medixi/demo/assets/img/team/team-plus1-1.svg]
[html.vecurosoft.com/medixi/demo/assets/img/testimonial/pattern2-1.html]
[html.vecurosoft.com/medixi/demo/assets/img/logo-2-mobile.svg]
[html.vecurosoft.com/medixi/demo/assets/img/logo-2.svg]
[html.vecurosoft.com/medixi/demo/servcie-details.html]
[html.vecurosoft.com/medixi/demo/assets/img/logo-white.svg]
[html.vecurosoft.com/medixi/demo/assets/img/logo-3-mobile.svg]
[html.vecurosoft.com/medixi/demo/assets/img/logo-3.svg]
[html.vecurosoft.com/medixi/demo/assets/img/logo6-1.svg]
[html.vecurosoft.com/medixi/demo/assets/img/breadcurmb/phone1-1.svg]
[html.vecurosoft.com/medixi/demo/assets/img/breadcurmb/phone1-2.svg]
[html.vecurosoft.com/medixi/demo/assets/img/breadcurmb/phone1-3.svg]
[html.vecurosoft.com/medixi/demo/assets/img/brand/banner7-2.svg]
[html.vecurosoft.com/medixi/demo/assets/img/brand/banner7-3.svg]
[html.vecurosoft.com/medixi/demo/assets/img/about/about7-1.svg]
[html.vecurosoft.com/medixi/demo/assets/img/about/about7-2.svg]
[html.vecurosoft.com/medixi/demo/assets/img/service/ser-icon7-1.svg]
[html.vecurosoft.com/medixi/demo/assets/img/service/ser-icon7-2.svg]
[html.vecurosoft.com/medixi/demo/assets/img/service/ser-icon7-3.svg]
[html.vecurosoft.com/medixi/demo/assets/img/blog/spec1-1.svg]
[html.vecurosoft.com/medixi/demo/assets/img/blog/spec1-2.svg]
[html.vecurosoft.com/medixi/demo/assets/img/blog/spec1-3.svg]
[html.vecurosoft.com/medixi/demo/assets/img/blog/spec1-4.svg]
[html.vecurosoft.com/medixi/demo/assets/img/testimonial/choose7-1.svg]
[html.vecurosoft.com/medixi/demo/assets/img/testimonial/choose7-2.svg]
[html.vecurosoft.com/medixi/demo/assets/img/testimonial/choose7-3.svg]
[html.vecurosoft.com/medixi/demo/assets/img/breadcurmb/login-icon.svg]
[html.vecurosoft.com/medixi/demo/assets/img/service/ser-icon8-1.svg]
[html.vecurosoft.com/medixi/demo/assets/img/service/ser-icon8-2.svg]
[html.vecurosoft.com/medixi/demo/assets/img/service/ser-icon8-3.svg]
[html.vecurosoft.com/medixi/demo/assets/img/service/ser-icon8-4.svg]
[html.vecurosoft.com/medixi/demo/assets/img/service/ser-icon8-5.svg]
[html.vecurosoft.com/medixi/demo/assets/img/service/ser-icon8-6.svg]
[html.vecurosoft.com/medixi/demo/assets/img/about/abicon1-1.svg]
[html.vecurosoft.com/medixi/demo/assets/img/about/about8-3.svg]
[html.vecurosoft.com/medixi/demo/assets/img/service/ser9-2.svg]
[html.vecurosoft.com/medixi/demo/assets/img/service/ser-icon10-1.svg]
[html.vecurosoft.com/medixi/demo/assets/img/service/ser-icon10-2.svg]
[html.vecurosoft.com/medixi/demo/assets/img/service/ser-icon10-3.svg]
[html.vecurosoft.com/medixi/demo/assets/img/service/ser-icon10-4.svg]
[html.vecurosoft.com/medixi/demo/assets/img/service/ser-icon10-5.svg]
[html.vecurosoft.com/medixi/demo/assets/img/testimonial/testi8-1.svg]
[html.vecurosoft.com/medixi/demo/assets/img/blog/contact3-1.svg]
[html.vecurosoft.com/medixi/demo/assets/img/blog/contact3-2.svg]
[html.vecurosoft.com/medixi/demo/assets/img/blog/contact3-3.svg]
[html.vecurosoft.com/medixi/demo/assets/img/logo-white-2.svg]
